<?xml version="1.0" encoding="UTF-8"?>
<testng-results ignored="0" total="1" passed="1" failed="0" skipped="0">
  <reporter-output>
  </reporter-output>
  <suite started-at="2022-10-11T11:23:13 IST" name="Default suite" finished-at="2022-10-11T11:23:15 IST" duration-ms="1887">
    <groups>
    </groups>
    <test started-at="2022-10-11T11:23:13 IST" name="Default test" finished-at="2022-10-11T11:23:15 IST" duration-ms="1887">
      <class name="crudOperationWithBDD.SampleTest">
        <test-method is-config="true" signature="bsConfig()[pri:0, instance:crudOperationWithBDD.SampleTest@13fd2ccd]" started-at="2022-10-11T11:23:11 IST" name="bsConfig" finished-at="2022-10-11T11:23:13 IST" duration-ms="1768" status="PASS">
          <reporter-output>
          </reporter-output>
        </test-method> <!-- bsConfig -->
        <test-method signature="getallprojectTest()[pri:0, instance:crudOperationWithBDD.SampleTest@13fd2ccd]" started-at="2022-10-11T11:23:13 IST" name="getallprojectTest" finished-at="2022-10-11T11:23:15 IST" duration-ms="1824" status="PASS">
          <reporter-output>
          </reporter-output>
        </test-method> <!-- getallprojectTest -->
        <test-method is-config="true" signature="asConfig()[pri:0, instance:crudOperationWithBDD.SampleTest@13fd2ccd]" started-at="2022-10-11T11:23:15 IST" name="asConfig" finished-at="2022-10-11T11:23:15 IST" duration-ms="14" status="PASS">
          <reporter-output>
          </reporter-output>
        </test-method> <!-- asConfig -->
      </class> <!-- crudOperationWithBDD.SampleTest -->
    </test> <!-- Default test -->
  </suite> <!-- Default suite -->
</testng-results>
